22
500 100
800 100
800 400
700 300
600 300
600 500
400 700
300 600
500 400
400 100
900 0
900 500
700 400
600 600
600 800
500 700
400 900
200 800
100 700
100 500
200 500
400 400
56
0 -14999700 5000650 300 600
0 500 100 800 100
0 800 100 800 400
0 800 400 700 300
0 700 300 600 300
0 600 300 600 500
0 600 500 400 700
0 500 400 500 100
0 400 100 900 0
0 900 0 900 500
0 900 500 700 400
0 700 400 600 600
0 600 600 600 800
0 600 800 500 700
0 500 700 400 900
0 400 900 200 800
0 200 800 100 700
0 100 500 200 500
0 200 500 400 400
0 400 400 400 100
65280 500 100 400 100
65280 500 100 900 0
65280 500 100 400 400
65280 800 100 900 0
65280 800 100 900 500
65280 800 400 900 0
65280 800 400 900 500
65280 800 400 700 400
65280 700 300 700 400
65280 700 300 600 600
65280 600 300 900 500
65280 600 300 700 400
65280 600 500 700 400
65280 600 500 600 600
65280 600 500 500 700
65280 400 700 600 600
65280 400 700 500 700
65280 400 700 200 800
65280 400 700 100 700
65280 500 400 400 100
65280 500 400 200 500
65280 500 400 400 400
65280 800 400 600 300
65280 700 300 600 500
65280 700 400 500 700
65280 600 600 500 700
65280 500 700 200 800
65280 400 900 100 700
255 300 600 500 400
16711680 300 600 400 700
16711680 300 600 400 900
16711680 300 600 200 800
16711680 300 600 100 700
255 300 600 100 500
255 300 600 200 500
255 300 600 400 400
